<?xml version="1.0" encoding="UTF-8"?>
<!-- Generated by org.testng.reporters.JUnitXMLReporter -->
<testsuite ignored="0" hostname="QASudeep" failures="0" tests="4" name="Default test" time="0.172" errors="0" timestamp="2024-01-21T23:55:05 IST">
  <testcase classname="dataProviderTest" name="testDataProvider" time="0.016"/>
  <testcase classname="dataProviderTest" name="testDataProvider" time="0.004"/>
  <testcase classname="dataProviderTest" name="testDataProvider" time="0.003"/>
  <testcase classname="dataProviderTest" name="testDataProvider" time="0.001"/>
</testsuite> <!-- Default test -->
